<?xml version="1.0" encoding="UTF-8"?>
<!-- Generated by org.testng.reporters.JUnitXMLReporter -->
<testsuite hostname="KAI-DT136" name="Live Tests" tests="4" failures="0" timestamp="11 May 2016 13:00:03 GMT" time="246.637" errors="0">
  <testcase name="ValidAuthorisedPlayerLogin" time="44.743" classname="com.SchoolOfDragons.LiveLoginChecks.TestCase1"/>
  <testcase name="ValidAuthorisedParentLogin" time="35.876" classname="com.SchoolOfDragons.LiveLoginChecks.TestCase2"/>
  <testcase name="ValidNonAuthorisedParentLogin" time="46.354" classname="com.SchoolOfDragons.LiveLoginChecks.TestCase3"/>
  <testcase name="ValidNonAuthorisedPlayerLogin" time="46.603" classname="com.SchoolOfDragons.LiveLoginChecks.TestCase4"/>
</testsuite> <!-- Live Tests -->
