<?xml version="1.0" encoding="UTF-8"?>
<testng-results skipped="0" failed="0" total="4" passed="4">
  <reporter-output>
  </reporter-output>
  <suite name="Live Test Cases Suite" duration-ms="246637" started-at="2016-05-11T12:55:57Z" finished-at="2016-05-11T13:00:03Z">
    <groups>
    </groups>
    <test name="Live Tests" duration-ms="246637" started-at="2016-05-11T12:55:57Z" finished-at="2016-05-11T13:00:03Z">
      <class name="com.SchoolOfDragons.LiveLoginChecks.TestCase1">
        <test-method status="PASS" signature="setUp()[pri:0, instance:com.SchoolOfDragons.LiveLoginChecks.TestCase1@724af044]" name="setUp" is-config="true" duration-ms="1962" started-at="2016-05-11T18:25:57Z" finished-at="2016-05-11T18:25:59Z">
          <reporter-output>
          </reporter-output>
        </test-method> <!-- setUp -->
        <test-method status="PASS" signature="ValidAuthorisedPlayerLogin(java.lang.String)[pri:0, instance:com.SchoolOfDragons.LiveLoginChecks.TestCase1@724af044]" name="ValidAuthorisedPlayerLogin" duration-ms="44743" started-at="2016-05-11T18:25:59Z" finished-at="2016-05-11T18:26:44Z">
          <params>
            <param index="0">
              <value>
                <![CDATA[Live Test Cases]]>
              </value>
            </param>
          </params>
          <reporter-output>
          </reporter-output>
        </test-method> <!-- ValidAuthorisedPlayerLogin -->
        <test-method status="PASS" signature="tearDown()[pri:0, instance:com.SchoolOfDragons.LiveLoginChecks.TestCase1@724af044]" name="tearDown" is-config="true" duration-ms="219" started-at="2016-05-11T18:26:44Z" finished-at="2016-05-11T18:26:44Z">
          <reporter-output>
          </reporter-output>
        </test-method> <!-- tearDown -->
        <test-method status="PASS" signature="afterTest(org.testng.ITestResult)[pri:0, instance:com.SchoolOfDragons.LiveLoginChecks.TestCase1@724af044]" name="afterTest" is-config="true" duration-ms="0" started-at="2016-05-11T18:26:44Z" finished-at="2016-05-11T18:26:44Z">
          <params>
            <param index="0">
              <value>
                <![CDATA[[TestResult name=ValidAuthorisedPlayerLogin status=SUCCESS method=TestCase1.ValidAuthorisedPlayerLogin(java.lang.String)[pri:0, instance:com.SchoolOfDragons.LiveLoginChecks.TestCase1@724af044] output={null}]]]>
              </value>
            </param>
          </params>
          <reporter-output>
          </reporter-output>
        </test-method> <!-- afterTest -->
        <test-method status="PASS" signature="printReportPath()[pri:0, instance:com.SchoolOfDragons.LiveLoginChecks.TestCase1@724af044]" name="printReportPath" is-config="true" duration-ms="70386" started-at="2016-05-11T18:28:53Z" finished-at="2016-05-11T18:30:03Z">
          <reporter-output>
          </reporter-output>
        </test-method> <!-- printReportPath -->
      </class> <!-- com.SchoolOfDragons.LiveLoginChecks.TestCase1 -->
      <class name="com.SchoolOfDragons.LiveLoginChecks.TestCase4">
        <test-method status="PASS" signature="setUp()[pri:0, instance:com.SchoolOfDragons.LiveLoginChecks.TestCase4@29ee9faa]" name="setUp" is-config="true" duration-ms="132" started-at="2016-05-11T18:28:06Z" finished-at="2016-05-11T18:28:06Z">
          <reporter-output>
          </reporter-output>
        </test-method> <!-- setUp -->
        <test-method status="PASS" signature="ValidNonAuthorisedPlayerLogin(java.lang.String)[pri:0, instance:com.SchoolOfDragons.LiveLoginChecks.TestCase4@29ee9faa]" name="ValidNonAuthorisedPlayerLogin" duration-ms="46603" started-at="2016-05-11T18:28:06Z" finished-at="2016-05-11T18:28:53Z">
          <params>
            <param index="0">
              <value>
                <![CDATA[Live Test Cases]]>
              </value>
            </param>
          </params>
          <reporter-output>
          </reporter-output>
        </test-method> <!-- ValidNonAuthorisedPlayerLogin -->
        <test-method status="PASS" signature="afterTest(org.testng.ITestResult)[pri:0, instance:com.SchoolOfDragons.LiveLoginChecks.TestCase4@29ee9faa]" name="afterTest" is-config="true" duration-ms="0" started-at="2016-05-11T18:28:53Z" finished-at="2016-05-11T18:28:53Z">
          <params>
            <param index="0">
              <value>
                <![CDATA[[TestResult name=ValidNonAuthorisedPlayerLogin status=SUCCESS method=TestCase4.ValidNonAuthorisedPlayerLogin(java.lang.String)[pri:0, instance:com.SchoolOfDragons.LiveLoginChecks.TestCase4@29ee9faa] output={null}]]]>
              </value>
            </param>
          </params>
          <reporter-output>
          </reporter-output>
        </test-method> <!-- afterTest -->
        <test-method status="PASS" signature="tearDown()[pri:0, instance:com.SchoolOfDragons.LiveLoginChecks.TestCase4@29ee9faa]" name="tearDown" is-config="true" duration-ms="46" started-at="2016-05-11T18:28:53Z" finished-at="2016-05-11T18:28:53Z">
          <reporter-output>
          </reporter-output>
        </test-method> <!-- tearDown -->
      </class> <!-- com.SchoolOfDragons.LiveLoginChecks.TestCase4 -->
      <class name="com.SchoolOfDragons.LiveLoginChecks.TestCase2">
        <test-method status="PASS" signature="setUp()[pri:0, instance:com.SchoolOfDragons.LiveLoginChecks.TestCase2@4678c730]" name="setUp" is-config="true" duration-ms="108" started-at="2016-05-11T18:26:44Z" finished-at="2016-05-11T18:26:44Z">
          <reporter-output>
          </reporter-output>
        </test-method> <!-- setUp -->
        <test-method status="PASS" signature="ValidAuthorisedParentLogin(java.lang.String)[pri:0, instance:com.SchoolOfDragons.LiveLoginChecks.TestCase2@4678c730]" name="ValidAuthorisedParentLogin" duration-ms="35876" started-at="2016-05-11T18:26:44Z" finished-at="2016-05-11T18:27:20Z">
          <params>
            <param index="0">
              <value>
                <![CDATA[Live Test Cases]]>
              </value>
            </param>
          </params>
          <reporter-output>
          </reporter-output>
        </test-method> <!-- ValidAuthorisedParentLogin -->
        <test-method status="PASS" signature="tearDown()[pri:0, instance:com.SchoolOfDragons.LiveLoginChecks.TestCase2@4678c730]" name="tearDown" is-config="true" duration-ms="46" started-at="2016-05-11T18:27:20Z" finished-at="2016-05-11T18:27:20Z">
          <reporter-output>
          </reporter-output>
        </test-method> <!-- tearDown -->
        <test-method status="PASS" signature="afterTest(org.testng.ITestResult)[pri:0, instance:com.SchoolOfDragons.LiveLoginChecks.TestCase2@4678c730]" name="afterTest" is-config="true" duration-ms="0" started-at="2016-05-11T18:27:20Z" finished-at="2016-05-11T18:27:20Z">
          <params>
            <param index="0">
              <value>
                <![CDATA[[TestResult name=ValidAuthorisedParentLogin status=SUCCESS method=TestCase2.ValidAuthorisedParentLogin(java.lang.String)[pri:0, instance:com.SchoolOfDragons.LiveLoginChecks.TestCase2@4678c730] output={null}]]]>
              </value>
            </param>
          </params>
          <reporter-output>
          </reporter-output>
        </test-method> <!-- afterTest -->
      </class> <!-- com.SchoolOfDragons.LiveLoginChecks.TestCase2 -->
      <class name="com.SchoolOfDragons.LiveLoginChecks.TestCase3">
        <test-method status="PASS" signature="setUp()[pri:0, instance:com.SchoolOfDragons.LiveLoginChecks.TestCase3@6767c1fc]" name="setUp" is-config="true" duration-ms="96" started-at="2016-05-11T18:27:20Z" finished-at="2016-05-11T18:27:20Z">
          <reporter-output>
          </reporter-output>
        </test-method> <!-- setUp -->
        <test-method status="PASS" signature="ValidNonAuthorisedParentLogin(java.lang.String)[pri:0, instance:com.SchoolOfDragons.LiveLoginChecks.TestCase3@6767c1fc]" name="ValidNonAuthorisedParentLogin" duration-ms="46354" started-at="2016-05-11T18:27:20Z" finished-at="2016-05-11T18:28:06Z">
          <params>
            <param index="0">
              <value>
                <![CDATA[Live Test Cases]]>
              </value>
            </param>
          </params>
          <reporter-output>
          </reporter-output>
        </test-method> <!-- ValidNonAuthorisedParentLogin -->
        <test-method status="PASS" signature="afterTest(org.testng.ITestResult)[pri:0, instance:com.SchoolOfDragons.LiveLoginChecks.TestCase3@6767c1fc]" name="afterTest" is-config="true" duration-ms="0" started-at="2016-05-11T18:28:06Z" finished-at="2016-05-11T18:28:06Z">
          <params>
            <param index="0">
              <value>
                <![CDATA[[TestResult name=ValidNonAuthorisedParentLogin status=SUCCESS method=TestCase3.ValidNonAuthorisedParentLogin(java.lang.String)[pri:0, instance:com.SchoolOfDragons.LiveLoginChecks.TestCase3@6767c1fc] output={null}]]]>
              </value>
            </param>
          </params>
          <reporter-output>
          </reporter-output>
        </test-method> <!-- afterTest -->
        <test-method status="PASS" signature="tearDown()[pri:0, instance:com.SchoolOfDragons.LiveLoginChecks.TestCase3@6767c1fc]" name="tearDown" is-config="true" duration-ms="42" started-at="2016-05-11T18:28:06Z" finished-at="2016-05-11T18:28:06Z">
          <reporter-output>
          </reporter-output>
        </test-method> <!-- tearDown -->
      </class> <!-- com.SchoolOfDragons.LiveLoginChecks.TestCase3 -->
    </test> <!-- Live Tests -->
  </suite> <!-- Live Test Cases Suite -->
</testng-results>
